# JRE version: Java(TM) SE Runtime Environment (8.0-b132) (build 1.8.0-b132)
# Java VM: Java HotSpot(TM) Client VM (25.0-b70 mixed mode windows-x86 )
Heap:
 def new generation   total 11520K, used 3322K [0x03c00000, 0x04870000, 0x09150000)
  eden space 10304K,  29% used [0x03c00000, 0x03ef7048, 0x04610000)
  from space 1216K,  23% used [0x04740000, 0x047878f0, 0x04870000)
  to   space 1216K,   0% used [0x04610000, 0x04610000, 0x04740000)
 tenured generation   total 25340K, used 18393K [0x09150000, 0x0aa0f000, 0x13c00000)
   the space 25340K,  72% used [0x09150000, 0x0a3465c8, 0x0a346600, 0x0aa0f000)
 Metaspace       used 19393K, capacity 19479K, committed 19584K, reserved 19840K
GC Heap History (10 events):
Event: 99.272 GC heap before
{Heap before GC invocations=62 (full 3):
 def new generation   total 11520K, used 10812K [0x03c00000, 0x04870000, 0x09150000)
  eden space 10304K,  99% used [0x03c00000, 0x046094a0, 0x04610000)
  from space 1216K,  43% used [0x04610000, 0x04695bf8, 0x04740000)
  to   space 1216K,   0% used [0x04740000, 0x04740000, 0x04870000)
 tenured generation   total 25340K, used 18393K [0x09150000, 0x0aa0f000, 0x13c00000)
   the space 25340K,  72% used [0x09150000, 0x0a3465c8, 0x0a346600, 0x0aa0f000)
 Metaspace       used 19342K, capacity 19415K, committed 19456K, reserved 19840K
Event: 99.274 GC heap after
Heap after GC invocations=63 (full 3):
 def new generation   total 11520K, used 588K [0x03c00000, 0x04870000, 0x09150000)
  eden space 10304K,   0% used [0x03c00000, 0x03c00000, 0x04610000)
  from space 1216K,  48% used [0x04740000, 0x047d33a8, 0x04870000)
  to   space 1216K,   0% used [0x04610000, 0x04610000, 0x04740000)
 tenured generation   total 25340K, used 18393K [0x09150000, 0x0aa0f000, 0x13c00000)
   the space 25340K,  72% used [0x09150000, 0x0a3465c8, 0x0a346600, 0x0aa0f000)
 Metaspace       used 19342K, capacity 19415K, committed 19456K, reserved 19840K
}
Event: 1336.836 GC heap before
{Heap before GC invocations=63 (full 3):
 def new generation   total 11520K, used 10892K [0x03c00000, 0x04870000, 0x09150000)
  eden space 10304K,  99% used [0x03c00000, 0x0460fff0, 0x04610000)
  from space 1216K,  48% used [0x04740000, 0x047d33a8, 0x04870000)
  to   space 1216K,   0% used [0x04610000, 0x04610000, 0x04740000)
 tenured generation   total 25340K, used 18393K [0x09150000, 0x0aa0f000, 0x13c00000)
   the space 25340K,  72% used [0x09150000, 0x0a3465c8, 0x0a346600, 0x0aa0f000)
 Metaspace       used 19342K, capacity 19415K, committed 19456K, reserved 19840K
Event: 1336.839 GC heap after
Heap after GC invocations=64 (full 3):
 def new generation   total 11520K, used 528K [0x03c00000, 0x04870000, 0x09150000)
  eden space 10304K,   0% used [0x03c00000, 0x03c00000, 0x04610000)
  from space 1216K,  43% used [0x04610000, 0x046940a0, 0x04740000)
  to   space 1216K,   0% used [0x04740000, 0x04740000, 0x04870000)
 tenured generation   total 25340K, used 18393K [0x09150000, 0x0aa0f000, 0x13c00000)
   the space 25340K,  72% used [0x09150000, 0x0a3465c8, 0x0a346600, 0x0aa0f000)
 Metaspace       used 19342K, capacity 19415K, committed 19456K, reserved 19840K
}
Event: 1753.711 GC heap before
{Heap before GC invocations=64 (full 3):
 def new generation   total 11520K, used 10832K [0x03c00000, 0x04870000, 0x09150000)
  eden space 10304K, 100% used [0x03c00000, 0x04610000, 0x04610000)
  from space 1216K,  43% used [0x04610000, 0x046940a0, 0x04740000)
  to   space 1216K,   0% used [0x04740000, 0x04740000, 0x04870000)
 tenured generation   total 25340K, used 18393K [0x09150000, 0x0aa0f000, 0x13c00000)
   the space 25340K,  72% used [0x09150000, 0x0a3465c8, 0x0a346600, 0x0aa0f000)
 Metaspace       used 19393K, capacity 19479K, committed 19584K, reserved 19840K
Event: 1753.714 GC heap after
Heap after GC invocations=65 (full 3):
 def new generation   total 11520K, used 271K [0x03c00000, 0x04870000, 0x09150000)
  eden space 10304K,   0% used [0x03c00000, 0x03c00000, 0x04610000)
  from space 1216K,  22% used [0x04740000, 0x04783fe0, 0x04870000)
  to   space 1216K,   0% used [0x04610000, 0x04610000, 0x04740000)
 tenured generation   total 25340K, used 18393K [0x09150000, 0x0aa0f000, 0x13c00000)
   the space 25340K,  72% used [0x09150000, 0x0a3465c8, 0x0a346600, 0x0aa0f000)
 Metaspace       used 19393K, capacity 19479K, committed 19584K, reserved 19840K
}
Event: 1754.028 GC heap before
{Heap before GC invocations=65 (full 3):
 def new generation   total 11520K, used 10575K [0x03c00000, 0x04870000, 0x09150000)
  eden space 10304K, 100% used [0x03c00000, 0x04610000, 0x04610000)
  from space 1216K,  22% used [0x04740000, 0x04783fe0, 0x04870000)
  to   space 1216K,   0% used [0x04610000, 0x04610000, 0x04740000)
 tenured generation   total 25340K, used 18393K [0x09150000, 0x0aa0f000, 0x13c00000)
   the space 25340K,  72% used [0x09150000, 0x0a3465c8, 0x0a346600, 0x0aa0f000)
 Metaspace       used 19393K, capacity 19479K, committed 19584K, reserved 19840K
Event: 1754.030 GC heap after
Heap after GC invocations=66 (full 3):
 def new generation   total 11520K, used 270K [0x03c00000, 0x04870000, 0x09150000)
  eden space 10304K,   0% used [0x03c00000, 0x03c00000, 0x04610000)
  from space 1216K,  22% used [0x04610000, 0x046539b8, 0x04740000)
  to   space 1216K,   0% used [0x04740000, 0x04740000, 0x04870000)
 tenured generation   total 25340K, used 18393K [0x09150000, 0x0aa0f000, 0x13c00000)
   the space 25340K,  72% used [0x09150000, 0x0a3465c8, 0x0a346600, 0x0aa0f000)
 Metaspace       used 19393K, capacity 19479K, committed 19584K, reserved 19840K
}
Event: 1754.789 GC heap before
{Heap before GC invocations=66 (full 3):
 def new generation   total 11520K, used 10574K [0x03c00000, 0x04870000, 0x09150000)
  eden space 10304K, 100% used [0x03c00000, 0x04610000, 0x04610000)
  from space 1216K,  22% used [0x04610000, 0x046539b8, 0x04740000)
  to   space 1216K,   0% used [0x04740000, 0x04740000, 0x04870000)
 tenured generation   total 25340K, used 18393K [0x09150000, 0x0aa0f000, 0x13c00000)
   the space 25340K,  72% used [0x09150000, 0x0a3465c8, 0x0a346600, 0x0aa0f000)
 Metaspace       used 19393K, capacity 19479K, committed 19584K, reserved 19840K
Event: 1754.791 GC heap after
Heap after GC invocations=67 (full 3):
 def new generation   total 11520K, used 286K [0x03c00000, 0x04870000, 0x09150000)
  eden space 10304K,   0% used [0x03c00000, 0x03c00000, 0x04610000)
  from space 1216K,  23% used [0x04740000, 0x047878f0, 0x04870000)
  to   space 1216K,   0% used [0x04610000, 0x04610000, 0x04740000)
 tenured generation   total 25340K, used 18393K [0x09150000, 0x0aa0f000, 0x13c00000)
   the space 25340K,  72% used [0x09150000, 0x0a3465c8, 0x0a346600, 0x0aa0f000)
 Metaspace       used 19393K, capacity 19479K, committed 19584K, reserved 19840K
}

